../../bin/OEFind.ilk
../../bin/OEFind.pdb
F:\CASSTIMECODE\OASIS\BIN\OEFIND.EXE
F:\CASSTIMECODE\OASIS\BIN\OEFIND.ILK
F:\CASSTIMECODE\OASIS\BIN\OEFIND.PDB
F:\CassTimeCode\oasis\src\OEFind\../../bin/OEFind.exe
F:\CassTimeCode\oasis\src\OEFind\Debug\cl.command.1.tlog
F:\CassTimeCode\oasis\src\OEFind\Debug\CL.read.1.tlog
F:\CassTimeCode\oasis\src\OEFind\Debug\CL.write.1.tlog
F:\CassTimeCode\oasis\src\OEFind\Debug\custombuild.command.1.tlog
F:\CassTimeCode\oasis\src\OEFind\Debug\custombuild.read.1.tlog
F:\CassTimeCode\oasis\src\OEFind\Debug\custombuild.write.1.tlog
F:\CassTimeCode\oasis\src\OEFind\Debug\link.command.1.tlog
F:\CassTimeCode\oasis\src\OEFind\Debug\link.read.1.tlog
F:\CassTimeCode\oasis\src\OEFind\Debug\link.write.1.tlog
F:\CassTimeCode\oasis\src\OEFind\Debug\link-cvtres.read.1.tlog
F:\CassTimeCode\oasis\src\OEFind\Debug\link-cvtres.write.1.tlog
F:\CASSTIMECODE\OASIS\SRC\OEFIND\DEBUG\MAIN.OBJ
F:\CASSTIMECODE\OASIS\SRC\OEFIND\DEBUG\MOC_OEFINDDIALOG.OBJ
F:\CassTimeCode\oasis\src\OEFind\Debug\mt.command.1.tlog
F:\CassTimeCode\oasis\src\OEFind\Debug\mt.read.1.tlog
F:\CassTimeCode\oasis\src\OEFind\Debug\mt.write.1.tlog
F:\CASSTIMECODE\OASIS\SRC\OEFIND\DEBUG\OEFIND.EXE.INTERMEDIATE.MANIFEST
F:\CASSTIMECODE\OASIS\SRC\OEFIND\DEBUG\OEFIND.OBJ
F:\CASSTIMECODE\OASIS\SRC\OEFIND\DEBUG\OEFIND.PCH
F:\CASSTIMECODE\OASIS\SRC\OEFIND\DEBUG\OEFIND.RES
F:\CassTimeCode\oasis\src\OEFind\Debug\OEFind.write.1.tlog
F:\CASSTIMECODE\OASIS\SRC\OEFIND\DEBUG\OEFINDDIALOG.OBJ
F:\CASSTIMECODE\OASIS\SRC\OEFIND\DEBUG\QRC_OEFIND.OBJ
F:\CassTimeCode\oasis\src\OEFind\Debug\rc.command.1.tlog
F:\CassTimeCode\oasis\src\OEFind\Debug\rc.read.1.tlog
F:\CassTimeCode\oasis\src\OEFind\Debug\rc.write.1.tlog
F:\CASSTIMECODE\OASIS\SRC\OEFIND\DEBUG\STDAFX.OBJ
F:\CASSTIMECODE\OASIS\SRC\OEFIND\DEBUG\VC100.PDB
F:\CASSTIMECODE\OASIS\SRC\OEFIND\GENERATEDFILES\DEBUG\MOC_OEFINDDIALOG.CPP
F:\CASSTIMECODE\OASIS\SRC\OEFIND\GENERATEDFILES\QRC_OEFIND.CPP
