../../bin/OEUnifyd.ilk
../../bin/OEUnifyd.pdb
F:\CASSTIME\OASIS3.19\OASIS\BIN\OEUNIFYD.EXE
F:\CASSTIME\OASIS3.19\OASIS\BIN\OEUNIFYD.ILK
F:\CASSTIME\OASIS3.19\OASIS\BIN\OEUNIFYD.PDB
F:\CassTime\oasis3.19\oasis\src\OEUnify\../../bin/OEUnifyd.exe
F:\CassTime\oasis3.19\oasis\src\OEUnify\Debug\cl.command.1.tlog
F:\CassTime\oasis3.19\oasis\src\OEUnify\Debug\CL.read.1.tlog
F:\CassTime\oasis3.19\oasis\src\OEUnify\Debug\CL.write.1.tlog
F:\CassTime\oasis3.19\oasis\src\OEUnify\Debug\link.18676.read.1.tlog
F:\CassTime\oasis3.19\oasis\src\OEUnify\Debug\link.18676.write.1.tlog
F:\CassTime\oasis3.19\oasis\src\OEUnify\Debug\link.18676-cvtres.read.1.tlog
F:\CassTime\oasis3.19\oasis\src\OEUnify\Debug\link.18676-cvtres.write.1.tlog
F:\CassTime\oasis3.19\oasis\src\OEUnify\Debug\link.19344.read.1.tlog
F:\CassTime\oasis3.19\oasis\src\OEUnify\Debug\link.19344.write.1.tlog
F:\CassTime\oasis3.19\oasis\src\OEUnify\Debug\link.19344-cvtres.read.1.tlog
F:\CassTime\oasis3.19\oasis\src\OEUnify\Debug\link.19344-cvtres.write.1.tlog
F:\CassTime\oasis3.19\oasis\src\OEUnify\Debug\link.command.1.tlog
F:\CassTime\oasis3.19\oasis\src\OEUnify\Debug\link.read.1.tlog
F:\CassTime\oasis3.19\oasis\src\OEUnify\Debug\link.write.1.tlog
F:\CassTime\oasis3.19\oasis\src\OEUnify\Debug\link-cvtres.read.1.tlog
F:\CassTime\oasis3.19\oasis\src\OEUnify\Debug\link-cvtres.write.1.tlog
F:\CASSTIME\OASIS3.19\OASIS\SRC\OEUNIFY\DEBUG\MAIN.OBJ
F:\CassTime\oasis3.19\oasis\src\OEUnify\Debug\mt.command.1.tlog
F:\CassTime\oasis3.19\oasis\src\OEUnify\Debug\mt.read.1.tlog
F:\CassTime\oasis3.19\oasis\src\OEUnify\Debug\mt.write.1.tlog
F:\CASSTIME\OASIS3.19\OASIS\SRC\OEUNIFY\DEBUG\OEUNIFY.OBJ
F:\CassTime\oasis3.19\oasis\src\OEUnify\Debug\OEUnify.write.1.tlog
F:\CASSTIME\OASIS3.19\OASIS\SRC\OEUNIFY\DEBUG\OEUNIFYD.EXE.EMBED.MANIFEST
F:\CASSTIME\OASIS3.19\OASIS\SRC\OEUNIFY\DEBUG\OEUNIFYD.EXE.EMBED.MANIFEST.RES
F:\CASSTIME\OASIS3.19\OASIS\SRC\OEUNIFY\DEBUG\OEUNIFYD.EXE.INTERMEDIATE.MANIFEST
F:\CASSTIME\OASIS3.19\OASIS\SRC\OEUNIFY\DEBUG\OEUNIFYD.PCH
F:\CassTime\oasis3.19\oasis\src\OEUnify\Debug\OEUnifyd_manifest.rc
F:\CassTime\oasis3.19\oasis\src\OEUnify\Debug\rc.command.1.tlog
F:\CassTime\oasis3.19\oasis\src\OEUnify\Debug\rc.read.1.tlog
F:\CassTime\oasis3.19\oasis\src\OEUnify\Debug\rc.write.1.tlog
F:\CASSTIME\OASIS3.19\OASIS\SRC\OEUNIFY\DEBUG\STDAFX.OBJ
F:\CassTime\oasis3.19\oasis\src\OEUnify\Debug\vc100.idb
F:\CASSTIME\OASIS3.19\OASIS\SRC\OEUNIFY\DEBUG\VC100.PDB
