../../bin/ModelConvertd.ilk
../../bin/ModelConvertd.pdb
F:\CASSTIME\OASIS3.19\OASIS\BIN\MODELCONVERTD.EXE
F:\CASSTIME\OASIS3.19\OASIS\BIN\MODELCONVERTD.ILK
F:\CASSTIME\OASIS3.19\OASIS\BIN\MODELCONVERTD.PDB
F:\CassTime\oasis3.19\oasis\src\ModelConvert\../../bin/ModelConvertd.exe
F:\CassTime\oasis3.19\oasis\src\ModelConvert\Debug\cl.command.1.tlog
F:\CassTime\oasis3.19\oasis\src\ModelConvert\Debug\CL.read.1.tlog
F:\CassTime\oasis3.19\oasis\src\ModelConvert\Debug\CL.write.1.tlog
F:\CassTime\oasis3.19\oasis\src\ModelConvert\Debug\link.11508.read.1.tlog
F:\CassTime\oasis3.19\oasis\src\ModelConvert\Debug\link.11508.write.1.tlog
F:\CassTime\oasis3.19\oasis\src\ModelConvert\Debug\link.11508-cvtres.read.1.tlog
F:\CassTime\oasis3.19\oasis\src\ModelConvert\Debug\link.11508-cvtres.write.1.tlog
F:\CassTime\oasis3.19\oasis\src\ModelConvert\Debug\link.command.1.tlog
F:\CassTime\oasis3.19\oasis\src\ModelConvert\Debug\link.read.1.tlog
F:\CassTime\oasis3.19\oasis\src\ModelConvert\Debug\link.write.1.tlog
F:\CassTime\oasis3.19\oasis\src\ModelConvert\Debug\link-cvtres.read.1.tlog
F:\CassTime\oasis3.19\oasis\src\ModelConvert\Debug\link-cvtres.write.1.tlog
F:\CASSTIME\OASIS3.19\OASIS\SRC\MODELCONVERT\DEBUG\MAIN.OBJ
F:\CASSTIME\OASIS3.19\OASIS\SRC\MODELCONVERT\DEBUG\MODELCONVERT.OBJ
F:\CassTime\oasis3.19\oasis\src\ModelConvert\Debug\ModelConvert.write.1.tlog
F:\CASSTIME\OASIS3.19\OASIS\SRC\MODELCONVERT\DEBUG\MODELCONVERTD.EXE.EMBED.MANIFEST
F:\CASSTIME\OASIS3.19\OASIS\SRC\MODELCONVERT\DEBUG\MODELCONVERTD.EXE.EMBED.MANIFEST.RES
F:\CASSTIME\OASIS3.19\OASIS\SRC\MODELCONVERT\DEBUG\MODELCONVERTD.EXE.INTERMEDIATE.MANIFEST
F:\CASSTIME\OASIS3.19\OASIS\SRC\MODELCONVERT\DEBUG\MODELCONVERTD.PCH
F:\CassTime\oasis3.19\oasis\src\ModelConvert\Debug\ModelConvertd_manifest.rc
F:\CASSTIME\OASIS3.19\OASIS\SRC\MODELCONVERT\DEBUG\MODELDIGITAL.OBJ
F:\CASSTIME\OASIS3.19\OASIS\SRC\MODELCONVERT\DEBUG\MODELPARSE.OBJ
F:\CassTime\oasis3.19\oasis\src\ModelConvert\Debug\mt.command.1.tlog
F:\CassTime\oasis3.19\oasis\src\ModelConvert\Debug\mt.read.1.tlog
F:\CassTime\oasis3.19\oasis\src\ModelConvert\Debug\mt.write.1.tlog
F:\CassTime\oasis3.19\oasis\src\ModelConvert\Debug\rc.command.1.tlog
F:\CassTime\oasis3.19\oasis\src\ModelConvert\Debug\rc.read.1.tlog
F:\CassTime\oasis3.19\oasis\src\ModelConvert\Debug\rc.write.1.tlog
F:\CASSTIME\OASIS3.19\OASIS\SRC\MODELCONVERT\DEBUG\STDAFX.OBJ
F:\CassTime\oasis3.19\oasis\src\ModelConvert\Debug\vc100.idb
F:\CASSTIME\OASIS3.19\OASIS\SRC\MODELCONVERT\DEBUG\VC100.PDB
