../../bin/VendorConvertd.ilk
../../bin/VendorConvertd.pdb
F:\CASSTIME\OASIS3.19\OASIS\BIN\VENDORCONVERTD.EXE
F:\CASSTIME\OASIS3.19\OASIS\BIN\VENDORCONVERTD.ILK
F:\CASSTIME\OASIS3.19\OASIS\BIN\VENDORCONVERTD.PDB
F:\CassTime\oasis3.19\oasis\src\VendorConvert\../../bin/VendorConvertd.exe
F:\CassTime\oasis3.19\oasis\src\VendorConvert\Debug\cl.command.1.tlog
F:\CassTime\oasis3.19\oasis\src\VendorConvert\Debug\CL.read.1.tlog
F:\CassTime\oasis3.19\oasis\src\VendorConvert\Debug\CL.write.1.tlog
F:\CassTime\oasis3.19\oasis\src\VendorConvert\Debug\link.8296.read.1.tlog
F:\CassTime\oasis3.19\oasis\src\VendorConvert\Debug\link.8296.write.1.tlog
F:\CassTime\oasis3.19\oasis\src\VendorConvert\Debug\link.8296-cvtres.read.1.tlog
F:\CassTime\oasis3.19\oasis\src\VendorConvert\Debug\link.8296-cvtres.write.1.tlog
F:\CassTime\oasis3.19\oasis\src\VendorConvert\Debug\link.command.1.tlog
F:\CassTime\oasis3.19\oasis\src\VendorConvert\Debug\link.read.1.tlog
F:\CassTime\oasis3.19\oasis\src\VendorConvert\Debug\link.write.1.tlog
F:\CassTime\oasis3.19\oasis\src\VendorConvert\Debug\link-cvtres.read.1.tlog
F:\CassTime\oasis3.19\oasis\src\VendorConvert\Debug\link-cvtres.write.1.tlog
F:\CASSTIME\OASIS3.19\OASIS\SRC\VENDORCONVERT\DEBUG\MAIN.OBJ
F:\CassTime\oasis3.19\oasis\src\VendorConvert\Debug\mt.command.1.tlog
F:\CassTime\oasis3.19\oasis\src\VendorConvert\Debug\mt.read.1.tlog
F:\CassTime\oasis3.19\oasis\src\VendorConvert\Debug\mt.write.1.tlog
F:\CassTime\oasis3.19\oasis\src\VendorConvert\Debug\rc.command.1.tlog
F:\CassTime\oasis3.19\oasis\src\VendorConvert\Debug\rc.read.1.tlog
F:\CassTime\oasis3.19\oasis\src\VendorConvert\Debug\rc.write.1.tlog
F:\CASSTIME\OASIS3.19\OASIS\SRC\VENDORCONVERT\DEBUG\STDAFX.OBJ
F:\CassTime\oasis3.19\oasis\src\VendorConvert\Debug\vc100.idb
F:\CASSTIME\OASIS3.19\OASIS\SRC\VENDORCONVERT\DEBUG\VC100.PDB
F:\CASSTIME\OASIS3.19\OASIS\SRC\VENDORCONVERT\DEBUG\VENDORCONVERT.OBJ
F:\CassTime\oasis3.19\oasis\src\VendorConvert\Debug\VendorConvert.vcxprojResolveAssemblyReference.cache
F:\CassTime\oasis3.19\oasis\src\VendorConvert\Debug\VendorConvert.write.1.tlog
F:\CASSTIME\OASIS3.19\OASIS\SRC\VENDORCONVERT\DEBUG\VENDORCONVERTD.EXE.EMBED.MANIFEST
F:\CASSTIME\OASIS3.19\OASIS\SRC\VENDORCONVERT\DEBUG\VENDORCONVERTD.EXE.EMBED.MANIFEST.RES
F:\CASSTIME\OASIS3.19\OASIS\SRC\VENDORCONVERT\DEBUG\VENDORCONVERTD.EXE.INTERMEDIATE.MANIFEST
F:\CASSTIME\OASIS3.19\OASIS\SRC\VENDORCONVERT\DEBUG\VENDORCONVERTD.PCH
F:\CassTime\oasis3.19\oasis\src\VendorConvert\Debug\VendorConvertd_manifest.rc
F:\CASSTIME\OASIS3.19\OASIS\SRC\VENDORCONVERT\DEBUG\VENDORPARSE.OBJ
