../../bin/ArticleConvertd.ilk
../../bin/ArticleConvertd.pdb
F:\CASSTIME\OASIS3.19\OASIS\BIN\ARTICLECONVERTD.EXE
F:\CASSTIME\OASIS3.19\OASIS\BIN\ARTICLECONVERTD.ILK
F:\CASSTIME\OASIS3.19\OASIS\BIN\ARTICLECONVERTD.PDB
F:\CassTime\oasis3.19\oasis\src\ArticleConvert\../../bin/ArticleConvertd.exe
F:\CASSTIME\OASIS3.19\OASIS\SRC\ARTICLECONVERT\DEBUG\ARTICLECONVERT.OBJ
F:\CassTime\oasis3.19\oasis\src\ArticleConvert\Debug\ArticleConvert.vcxprojResolveAssemblyReference.cache
F:\CassTime\oasis3.19\oasis\src\ArticleConvert\Debug\ArticleConvert.write.1.tlog
F:\CASSTIME\OASIS3.19\OASIS\SRC\ARTICLECONVERT\DEBUG\ARTICLECONVERTD.EXE.EMBED.MANIFEST
F:\CASSTIME\OASIS3.19\OASIS\SRC\ARTICLECONVERT\DEBUG\ARTICLECONVERTD.EXE.EMBED.MANIFEST.RES
F:\CASSTIME\OASIS3.19\OASIS\SRC\ARTICLECONVERT\DEBUG\ARTICLECONVERTD.EXE.INTERMEDIATE.MANIFEST
F:\CASSTIME\OASIS3.19\OASIS\SRC\ARTICLECONVERT\DEBUG\ARTICLECONVERTD.PCH
F:\CassTime\oasis3.19\oasis\src\ArticleConvert\Debug\ArticleConvertd_manifest.rc
F:\CASSTIME\OASIS3.19\OASIS\SRC\ARTICLECONVERT\DEBUG\ARTICLEPARSE.OBJ
F:\CassTime\oasis3.19\oasis\src\ArticleConvert\Debug\cl.command.1.tlog
F:\CassTime\oasis3.19\oasis\src\ArticleConvert\Debug\CL.read.1.tlog
F:\CassTime\oasis3.19\oasis\src\ArticleConvert\Debug\CL.write.1.tlog
F:\CassTime\oasis3.19\oasis\src\ArticleConvert\Debug\link.10264.read.1.tlog
F:\CassTime\oasis3.19\oasis\src\ArticleConvert\Debug\link.10264.write.1.tlog
F:\CassTime\oasis3.19\oasis\src\ArticleConvert\Debug\link.10264-cvtres.read.1.tlog
F:\CassTime\oasis3.19\oasis\src\ArticleConvert\Debug\link.10264-cvtres.write.1.tlog
F:\CassTime\oasis3.19\oasis\src\ArticleConvert\Debug\link.command.1.tlog
F:\CassTime\oasis3.19\oasis\src\ArticleConvert\Debug\link.read.1.tlog
F:\CassTime\oasis3.19\oasis\src\ArticleConvert\Debug\link.write.1.tlog
F:\CassTime\oasis3.19\oasis\src\ArticleConvert\Debug\link-cvtres.read.1.tlog
F:\CassTime\oasis3.19\oasis\src\ArticleConvert\Debug\link-cvtres.write.1.tlog
F:\CASSTIME\OASIS3.19\OASIS\SRC\ARTICLECONVERT\DEBUG\MAIN.OBJ
F:\CassTime\oasis3.19\oasis\src\ArticleConvert\Debug\mt.command.1.tlog
F:\CassTime\oasis3.19\oasis\src\ArticleConvert\Debug\mt.read.1.tlog
F:\CassTime\oasis3.19\oasis\src\ArticleConvert\Debug\mt.write.1.tlog
F:\CassTime\oasis3.19\oasis\src\ArticleConvert\Debug\rc.command.1.tlog
F:\CassTime\oasis3.19\oasis\src\ArticleConvert\Debug\rc.read.1.tlog
F:\CassTime\oasis3.19\oasis\src\ArticleConvert\Debug\rc.write.1.tlog
F:\CASSTIME\OASIS3.19\OASIS\SRC\ARTICLECONVERT\DEBUG\STDAFX.OBJ
F:\CassTime\oasis3.19\oasis\src\ArticleConvert\Debug\vc100.idb
F:\CASSTIME\OASIS3.19\OASIS\SRC\ARTICLECONVERT\DEBUG\VC100.PDB
