F:\CASSTIMECODE\OASIS\BIN\OEFIND.EXE
F:\CASSTIMECODE\OASIS\SRC\OEFIND\GENERATEDFILES\QRC_OEFIND.CPP
F:\CASSTIMECODE\OASIS\SRC\OEFIND\GENERATEDFILES\RELEASE\MOC_OEFINDDIALOG.CPP
F:\CassTimeCode\oasis\src\OEFind\Release\cl.command.1.tlog
F:\CassTimeCode\oasis\src\OEFind\Release\CL.read.1.tlog
F:\CassTimeCode\oasis\src\OEFind\Release\CL.write.1.tlog
F:\CassTimeCode\oasis\src\OEFind\Release\custombuild.command.1.tlog
F:\CassTimeCode\oasis\src\OEFind\Release\custombuild.read.1.tlog
F:\CassTimeCode\oasis\src\OEFind\Release\custombuild.write.1.tlog
F:\CassTimeCode\oasis\src\OEFind\Release\link.command.1.tlog
F:\CassTimeCode\oasis\src\OEFind\Release\link.read.1.tlog
F:\CassTimeCode\oasis\src\OEFind\Release\link.write.1.tlog
F:\CassTimeCode\oasis\src\OEFind\Release\link-cvtres.read.1.tlog
F:\CassTimeCode\oasis\src\OEFind\Release\link-cvtres.write.1.tlog
F:\CASSTIMECODE\OASIS\SRC\OEFIND\RELEASE\MAIN.OBJ
F:\CASSTIMECODE\OASIS\SRC\OEFIND\RELEASE\MOC_OEFINDDIALOG.OBJ
F:\CassTimeCode\oasis\src\OEFind\Release\mt.command.1.tlog
F:\CassTimeCode\oasis\src\OEFind\Release\mt.read.1.tlog
F:\CassTimeCode\oasis\src\OEFind\Release\mt.write.1.tlog
F:\CASSTIMECODE\OASIS\SRC\OEFIND\RELEASE\OEFIND.EXE.INTERMEDIATE.MANIFEST
F:\CASSTIMECODE\OASIS\SRC\OEFIND\RELEASE\OEFIND.OBJ
F:\CASSTIMECODE\OASIS\SRC\OEFIND\RELEASE\OEFIND.PCH
F:\CASSTIMECODE\OASIS\SRC\OEFIND\RELEASE\OEFIND.RES
F:\CassTimeCode\oasis\src\OEFind\Release\OEFind.vcxprojResolveAssemblyReference.cache
F:\CassTimeCode\oasis\src\OEFind\Release\OEFind.write.1.tlog
F:\CASSTIMECODE\OASIS\SRC\OEFIND\RELEASE\OEFINDDIALOG.OBJ
F:\CASSTIMECODE\OASIS\SRC\OEFIND\RELEASE\QRC_OEFIND.OBJ
F:\CassTimeCode\oasis\src\OEFind\Release\rc.command.1.tlog
F:\CassTimeCode\oasis\src\OEFind\Release\rc.read.1.tlog
F:\CassTimeCode\oasis\src\OEFind\Release\rc.write.1.tlog
F:\CASSTIMECODE\OASIS\SRC\OEFIND\RELEASE\STDAFX.OBJ
