../../bin/E2DBd.ilk
../../bin/E2DBd.pdb
F:\CASSTIME\OASIS3.19\OASIS\BIN\E2DBD.EXE
F:\CASSTIME\OASIS3.19\OASIS\BIN\E2DBD.ILK
F:\CASSTIME\OASIS3.19\OASIS\BIN\E2DBD.PDB
F:\CassTime\oasis3.19\oasis\src\E2DB\../../bin/E2DBd.exe
F:\CassTime\oasis3.19\oasis\src\E2DB\Debug\cl.command.1.tlog
F:\CassTime\oasis3.19\oasis\src\E2DB\Debug\CL.read.1.tlog
F:\CassTime\oasis3.19\oasis\src\E2DB\Debug\CL.write.1.tlog
F:\CASSTIME\OASIS3.19\OASIS\SRC\E2DB\DEBUG\E2DB.OBJ
F:\CassTime\oasis3.19\oasis\src\E2DB\Debug\E2DB.vcxprojResolveAssemblyReference.cache
F:\CassTime\oasis3.19\oasis\src\E2DB\Debug\E2DB.write.1.tlog
F:\CASSTIME\OASIS3.19\OASIS\SRC\E2DB\DEBUG\E2DBD.EXE.EMBED.MANIFEST
F:\CASSTIME\OASIS3.19\OASIS\SRC\E2DB\DEBUG\E2DBD.EXE.EMBED.MANIFEST.RES
F:\CASSTIME\OASIS3.19\OASIS\SRC\E2DB\DEBUG\E2DBD.EXE.INTERMEDIATE.MANIFEST
F:\CASSTIME\OASIS3.19\OASIS\SRC\E2DB\DEBUG\E2DBD.PCH
F:\CassTime\oasis3.19\oasis\src\E2DB\Debug\E2DBd_manifest.rc
F:\CassTime\oasis3.19\oasis\src\E2DB\Debug\link.15764.read.1.tlog
F:\CassTime\oasis3.19\oasis\src\E2DB\Debug\link.15764.write.1.tlog
F:\CassTime\oasis3.19\oasis\src\E2DB\Debug\link.15764-cvtres.read.1.tlog
F:\CassTime\oasis3.19\oasis\src\E2DB\Debug\link.15764-cvtres.write.1.tlog
F:\CassTime\oasis3.19\oasis\src\E2DB\Debug\link.command.1.tlog
F:\CassTime\oasis3.19\oasis\src\E2DB\Debug\link.read.1.tlog
F:\CassTime\oasis3.19\oasis\src\E2DB\Debug\link.write.1.tlog
F:\CassTime\oasis3.19\oasis\src\E2DB\Debug\link-cvtres.read.1.tlog
F:\CassTime\oasis3.19\oasis\src\E2DB\Debug\link-cvtres.write.1.tlog
F:\CASSTIME\OASIS3.19\OASIS\SRC\E2DB\DEBUG\MAIN.OBJ
F:\CassTime\oasis3.19\oasis\src\E2DB\Debug\mt.command.1.tlog
F:\CassTime\oasis3.19\oasis\src\E2DB\Debug\mt.read.1.tlog
F:\CassTime\oasis3.19\oasis\src\E2DB\Debug\mt.write.1.tlog
F:\CassTime\oasis3.19\oasis\src\E2DB\Debug\rc.command.1.tlog
F:\CassTime\oasis3.19\oasis\src\E2DB\Debug\rc.read.1.tlog
F:\CassTime\oasis3.19\oasis\src\E2DB\Debug\rc.write.1.tlog
F:\CASSTIME\OASIS3.19\OASIS\SRC\E2DB\DEBUG\STDAFX.OBJ
F:\CassTime\oasis3.19\oasis\src\E2DB\Debug\vc100.idb
F:\CASSTIME\OASIS3.19\OASIS\SRC\E2DB\DEBUG\VC100.PDB
