../../bin/JMConvertd.ilk
../../bin/JMConvertd.pdb
F:\CASSTIME\OASIS3.19\OASIS\BIN\JMCONVERTD.EXE
F:\CASSTIME\OASIS3.19\OASIS\BIN\JMCONVERTD.ILK
F:\CASSTIME\OASIS3.19\OASIS\BIN\JMCONVERTD.PDB
F:\CassTime\oasis3.19\oasis\src\JMConvert\../../bin/JMConvertd.exe
F:\CassTime\oasis3.19\oasis\src\JMConvert\Debug\cl.command.1.tlog
F:\CassTime\oasis3.19\oasis\src\JMConvert\Debug\CL.read.1.tlog
F:\CassTime\oasis3.19\oasis\src\JMConvert\Debug\CL.write.1.tlog
F:\CASSTIME\OASIS3.19\OASIS\SRC\JMCONVERT\DEBUG\JMCONVERT.OBJ
F:\CassTime\oasis3.19\oasis\src\JMConvert\Debug\JMConvert.write.1.tlog
F:\CASSTIME\OASIS3.19\OASIS\SRC\JMCONVERT\DEBUG\JMCONVERTD.EXE.EMBED.MANIFEST
F:\CASSTIME\OASIS3.19\OASIS\SRC\JMCONVERT\DEBUG\JMCONVERTD.EXE.EMBED.MANIFEST.RES
F:\CASSTIME\OASIS3.19\OASIS\SRC\JMCONVERT\DEBUG\JMCONVERTD.EXE.INTERMEDIATE.MANIFEST
F:\CASSTIME\OASIS3.19\OASIS\SRC\JMCONVERT\DEBUG\JMCONVERTD.PCH
F:\CassTime\oasis3.19\oasis\src\JMConvert\Debug\JMConvertd_manifest.rc
F:\CASSTIME\OASIS3.19\OASIS\SRC\JMCONVERT\DEBUG\JMPARSE.OBJ
F:\CassTime\oasis3.19\oasis\src\JMConvert\Debug\link.7608.read.1.tlog
F:\CassTime\oasis3.19\oasis\src\JMConvert\Debug\link.7608.write.1.tlog
F:\CassTime\oasis3.19\oasis\src\JMConvert\Debug\link.7608-cvtres.read.1.tlog
F:\CassTime\oasis3.19\oasis\src\JMConvert\Debug\link.7608-cvtres.write.1.tlog
F:\CassTime\oasis3.19\oasis\src\JMConvert\Debug\link.command.1.tlog
F:\CassTime\oasis3.19\oasis\src\JMConvert\Debug\link.read.1.tlog
F:\CassTime\oasis3.19\oasis\src\JMConvert\Debug\link.write.1.tlog
F:\CassTime\oasis3.19\oasis\src\JMConvert\Debug\link-cvtres.read.1.tlog
F:\CassTime\oasis3.19\oasis\src\JMConvert\Debug\link-cvtres.write.1.tlog
F:\CASSTIME\OASIS3.19\OASIS\SRC\JMCONVERT\DEBUG\MAIN.OBJ
F:\CassTime\oasis3.19\oasis\src\JMConvert\Debug\mt.command.1.tlog
F:\CassTime\oasis3.19\oasis\src\JMConvert\Debug\mt.read.1.tlog
F:\CassTime\oasis3.19\oasis\src\JMConvert\Debug\mt.write.1.tlog
F:\CassTime\oasis3.19\oasis\src\JMConvert\Debug\rc.command.1.tlog
F:\CassTime\oasis3.19\oasis\src\JMConvert\Debug\rc.read.1.tlog
F:\CassTime\oasis3.19\oasis\src\JMConvert\Debug\rc.write.1.tlog
F:\CASSTIME\OASIS3.19\OASIS\SRC\JMCONVERT\DEBUG\STDAFX.OBJ
F:\CassTime\oasis3.19\oasis\src\JMConvert\Debug\vc100.idb
F:\CASSTIME\OASIS3.19\OASIS\SRC\JMCONVERT\DEBUG\VC100.PDB
